build/app/outputs/mapping/release/configuration.txt
<<<<<<< HEAD
# The proguard configuration file for the following section is intermediates\proguard-files\proguard-android.txt-4.1.0
=======
# The proguard configuration file for the following section is intermediates\proguard-files\proguard-android.txt-4.1.0
>>>>>>> Development
# This is a configuration file for ProGuard.
# http://proguard.sourceforge.net/index.html#manual/usage.html
#
# Starting with version 2.2 of the Android plugin for Gradle, this file is distributed together with
# the plugin and unpacked at build-time. The files in $ANDROID_HOME are no longer maintained and
# will be ignored by new version of the Android plugin for Gradle.

# Optimization is turned off by default. Dex does not like code run
# through the ProGuard optimize steps (and performs some
# of these optimizations on its own).
# Note that if you want to enable optimization, you cannot just
# include optimization flags in your own project configuration file;
# instead you will need to point to the
# "proguard-android-optimize.txt" file instead of this one from your
# project.properties file.
-dontoptimize

-dontusemixedcaseclassnames
-dontskipnonpubliclibraryclasses
-verbose

# Preserve some attributes that may be required for reflection.
-keepattributes *Annotation*,Signature,InnerClasses,EnclosingMethod

-keep public class com.google.vending.licensing.ILicensingService
-keep public class com.android.vending.licensing.ILicensingService
-keep public class com.google.android.vending.licensing.ILicensingService
-dontnote com.android.vending.licensing.ILicensingService
-dontnote com.google.vending.licensing.ILicensingService
-dontnote com.google.android.vending.licensing.ILicensingService

# For native methods, see http://proguard.sourceforge.net/manual/examples.html#native
-keepclasseswithmembernames,includedescriptorclasses class * {
    native <methods>;
}

# Keep setters in Views so that animations can still work.
-keepclassmembers public class * extends android.view.View {
    void set*(***);
    *** get*();
}

# We want to keep methods in Activity that could be used in the XML attribute onClick.
-keepclassmembers class * extends android.app.Activity {
    public void *(android.view.View);
}

# For enumeration classes, see http://proguard.sourceforge.net/manual/examples.html#enumerations
-keepclassmembers enum * {
    public static **[] values();
    public static ** valueOf(java.lang.String);
}

-keepclassmembers class * implements android.os.Parcelable {
    public static final ** CREATOR;
}

# Preserve annotated Javascript interface methods.
-keepclassmembers class * {
    @android.webkit.JavascriptInterface <methods>;
}

# The support libraries contains references to newer platform versions.
# Don't warn about those in case this app is linking against an older
# platform version. We know about them, and they are safe.
-dontnote android.support.**
-dontnote androidx.**
-dontwarn android.support.**
-dontwarn androidx.**

# This class is deprecated, but remains for backward compatibility.
-dontwarn android.util.FloatMath

# Understand the @Keep support annotation.
-keep class android.support.annotation.Keep
-keep class androidx.annotation.Keep

-keep @android.support.annotation.Keep class * {*;}
-keep @androidx.annotation.Keep class * {*;}

-keepclasseswithmembers class * {
    @android.support.annotation.Keep <methods>;
}

-keepclasseswithmembers class * {
    @androidx.annotation.Keep <methods>;
}

-keepclasseswithmembers class * {
    @android.support.annotation.Keep <fields>;
}

-keepclasseswithmembers class * {
    @androidx.annotation.Keep <fields>;
}

-keepclasseswithmembers class * {
    @android.support.annotation.Keep <init>(...);
}

-keepclasseswithmembers class * {
    @androidx.annotation.Keep <init>(...);
}

# These classes are duplicated between android.jar and org.apache.http.legacy.jar.
-dontnote org.apache.http.**
-dontnote android.net.http.**

# These classes are duplicated between android.jar and core-lambda-stubs.jar.
-dontnote java.lang.invoke.**
<<<<<<< HEAD

# End of content from intermediates\proguard-files\proguard-android.txt-4.1.0
# The proguard configuration file for the following section is flutter_tools\gradle\flutter_proguard_rules.pro
# Build the ephemeral app in a module project.
# Prevents: Warning: library class <plugin-package> depends on program class io.flutter.plugin.**
# This is due to plugins (libraries) depending on the embedding (the program jar)
-dontwarn io.flutter.plugin.**

# The android.** package is provided by the OS at runtime.
-dontwarn android.**

# End of content from flutter_tools\gradle\flutter_proguard_rules.pro
# The proguard configuration file for the following section is aapt_proguard_file\release\aapt_rules.txt
=======

# End of content from intermediates\proguard-files\proguard-android.txt-4.1.0
# The proguard configuration file for the following section is flutter_tools\gradle\flutter_proguard_rules.pro
# Build the ephemeral app in a module project.
# Prevents: Warning: library class <plugin-package> depends on program class io.flutter.plugin.**
# This is due to plugins (libraries) depending on the embedding (the program jar)
-dontwarn io.flutter.plugin.**

# The android.** package is provided by the OS at runtime.
-dontwarn android.**

# End of content from flutter_tools\gradle\flutter_proguard_rules.pro
# The proguard configuration file for the following section is aapt_proguard_file\release\aapt_rules.txt
>>>>>>> Development
-keep class androidx.core.app.CoreComponentFactory { <init>(); }
-keep class com.example.plate_waste_recorder.MainActivity { <init>(); }
-keep class com.google.android.gms.common.api.GoogleApiActivity { <init>(); }
-keep class com.google.firebase.components.ComponentDiscoveryService { <init>(); }
-keep class com.google.firebase.provider.FirebaseInitProvider { <init>(); }
<<<<<<< HEAD

# End of content from aapt_proguard_file\release\aapt_rules.txt
# The proguard configuration file for the following section is 49f58621a6a23994e2c06e2fd4ce23e4\jetified-firebase-auth-interop-19.0.2\proguard.txt
=======
-keep class io.flutter.plugins.imagepicker.ImagePickerFileProvider { <init>(); }

# End of content from aapt_proguard_file\release\aapt_rules.txt
# The proguard configuration file for the following section is release\lib0\proguard.txt
# The point of this package is to specify that a dependent plugin intends to
# use the AndroidX lifecycle classes. Make sure no R8 heuristics shrink classes
# brought in by the embedding's pom.
#
# This isn't strictly needed since by definition, plugins using Android
# lifecycles should implement DefaultLifecycleObserver and therefore keep it
# from being shrunk. But there seems to be an R8 bug so this needs to stay
# https://issuetracker.google.com/issues/142778206.
-keep class androidx.lifecycle.DefaultLifecycleObserver

# End of content from release\lib0\proguard.txt
# The proguard configuration file for the following section is 49f58621a6a23994e2c06e2fd4ce23e4\jetified-firebase-auth-interop-19.0.2\proguard.txt
>>>>>>> Development
# Can be removed once we pull in a dependency on firebase-common that includes
# https://github.com/firebase/firebase-android-sdk/pull/1472/commits/856f1ca1151cdd88679bbc778892f23dfa34fc06#diff-a2ed34b5a38b4c6c686b09e54865eb48
-dontwarn com.google.auto.value.AutoValue
-dontwarn com.google.auto.value.AutoValue$Builder
<<<<<<< HEAD

# End of content from 49f58621a6a23994e2c06e2fd4ce23e4\jetified-firebase-auth-interop-19.0.2\proguard.txt
# The proguard configuration file for the following section is e8c12af64c0d197211b7d090cb61cdf8\jetified-firebase-common-20.0.0\proguard.txt
-dontwarn com.google.firebase.platforminfo.KotlinDetector
-dontwarn com.google.auto.value.AutoValue
-dontwarn com.google.auto.value.AutoValue$Builder

# End of content from e8c12af64c0d197211b7d090cb61cdf8\jetified-firebase-common-20.0.0\proguard.txt
# The proguard configuration file for the following section is 0813e45a0b3806629b40dbeb70c75a60\jetified-play-services-base-17.1.0\proguard.txt
=======

# End of content from 49f58621a6a23994e2c06e2fd4ce23e4\jetified-firebase-auth-interop-19.0.2\proguard.txt
# The proguard configuration file for the following section is e8c12af64c0d197211b7d090cb61cdf8\jetified-firebase-common-20.0.0\proguard.txt
-dontwarn com.google.firebase.platforminfo.KotlinDetector
-dontwarn com.google.auto.value.AutoValue
-dontwarn com.google.auto.value.AutoValue$Builder

# End of content from e8c12af64c0d197211b7d090cb61cdf8\jetified-firebase-common-20.0.0\proguard.txt
# The proguard configuration file for the following section is 1d2635d595ea534fd59859e359d20580\rules-1.2.0\proguard.txt
# for 'can't find referenced method 'android.app.Instrumentation$ActivityResult execStartActivity' etc
-dontwarn androidx.test.runner.MonitoringInstrumentation

# for 'library class android.test.* extends or implements program class'
-dontwarn android.test.**

# End of content from 1d2635d595ea534fd59859e359d20580\rules-1.2.0\proguard.txt
# The proguard configuration file for the following section is 52e39d1d99ba7577426e0a2f7cc0e873\espresso-core-3.2.0\proguard.txt
# Common proguard flags for all the espresso libraries.

# ignore 'cannot find java.beans and mockito integration' warnings
-dontwarn org.hamcrest.**

# ignore 'can't find referenced class sun.misc.Unsafe' from guava
-dontwarn androidx.test.espresso.core.deps.guava.**

# ignore 'can't find referenced class javax.lang.model.element.Modifier'
-dontwarn com.squareup.javawriter.JavaWriter

# ignore 'can't find referenced class sun.misc.Unsafe, libcore.io.Memory' from protobuf
-dontwarn androidx.test.espresso.core.deps.protobuf.**

# ignore 'can't find referenced method android.app.Instrumentation' from android.jar
-dontwarn androidx.test.runner.MonitoringInstrumentation

# End of content from 52e39d1d99ba7577426e0a2f7cc0e873\espresso-core-3.2.0\proguard.txt
# The proguard configuration file for the following section is a26f96f232ae1573270db855c2baf8b2\runner-1.2.0\proguard.txt
# Proguard flags for the AndroidJUnitRunner library.

# avoid obfuscation of the instrumentation runners and orchestrator
-keepnames class androidx.test.**

# Annotation classes accessed via reflection
-keep class androidx.test.annotation.** { *; }

# for 'can't find referenced method 'android.app.Instrumentation$ActivityResult execStartActivity' etc
-dontwarn androidx.test.runner.MonitoringInstrumentation

# for 'library class android.test.* extends or implements program class'
-dontwarn android.test.**

# for 'can't find referenced class java.lang.management.RuntimeMXBean'
-dontwarn org.junit.rules.DisableOnDebug

# for 'can't find referenced class java.lang.management.ThreadMXBean'
-dontwarn org.junit.internal.runners.statements.FailOnTimeout

# for 'can't find referenced class java.beans.**, easymock, etc
-dontwarn org.hamcrest.**
# End of content from a26f96f232ae1573270db855c2baf8b2\runner-1.2.0\proguard.txt
# The proguard configuration file for the following section is 0813e45a0b3806629b40dbeb70c75a60\jetified-play-services-base-17.1.0\proguard.txt
>>>>>>> Development
# b/35135904 Ensure that proguard will not strip the mResultGuardian.
-keepclassmembers class com.google.android.gms.common.api.internal.BasePendingResult {
  com.google.android.gms.common.api.internal.BasePendingResult$ReleasableResultGuardian mResultGuardian;
}
<<<<<<< HEAD

# End of content from 0813e45a0b3806629b40dbeb70c75a60\jetified-play-services-base-17.1.0\proguard.txt
# The proguard configuration file for the following section is e31537fb3ca3accaea0d4d9ddb9631cc\jetified-play-services-basement-17.0.0\proguard.txt
=======

# End of content from 0813e45a0b3806629b40dbeb70c75a60\jetified-play-services-base-17.1.0\proguard.txt
# The proguard configuration file for the following section is e31537fb3ca3accaea0d4d9ddb9631cc\jetified-play-services-basement-17.0.0\proguard.txt
>>>>>>> Development
# Proguard flags for consumers of the Google Play services SDK
# https://developers.google.com/android/guides/setup#add_google_play_services_to_your_project

# Keep SafeParcelable NULL value, needed for reflection by DowngradeableSafeParcel
-keepclassmembers public class com.google.android.gms.common.internal.safeparcel.SafeParcelable {
    public static final *** NULL;
}

# Needed for Parcelable/SafeParcelable classes & their creators to not get renamed, as they are
# found via reflection.
-keep class com.google.android.gms.common.internal.ReflectedParcelable
-keepnames class * implements com.google.android.gms.common.internal.ReflectedParcelable
-keepclassmembers class * implements android.os.Parcelable {
  public static final *** CREATOR;
}

# Keep the classes/members we need for client functionality.
-keep @interface androidx.annotation.Keep
-keep @androidx.annotation.Keep class *
-keepclasseswithmembers class * {
  @androidx.annotation.Keep <fields>;
}
-keepclasseswithmembers class * {
  @androidx.annotation.Keep <methods>;
}

# Keep the names of classes/members we need for client functionality.
-keep @interface com.google.android.gms.common.annotation.KeepName
-keepnames @com.google.android.gms.common.annotation.KeepName class *
-keepclassmembernames class * {
  @com.google.android.gms.common.annotation.KeepName *;
}

# Keep Dynamite API entry points
-keep @interface com.google.android.gms.common.util.DynamiteApi
-keep @com.google.android.gms.common.util.DynamiteApi public class * {
  public <fields>;
  public <methods>;
}

# Needed when building against pre-Marshmallow SDK.
-dontwarn android.security.NetworkSecurityPolicy

# Needed when building against Marshmallow SDK.
-dontwarn android.app.Notification

# Protobuf has references not on the Android boot classpath
-dontwarn sun.misc.Unsafe
-dontwarn libcore.io.Memory

# Internal Google annotations for generating Proguard keep rules.
-dontwarn com.google.android.apps.common.proguard.UsedBy*

# Annotations referenced by the SDK but whose definitions are contained in
# non-required dependencies.
-dontwarn javax.annotation.**
-dontwarn org.checkerframework.**
<<<<<<< HEAD

# End of content from e31537fb3ca3accaea0d4d9ddb9631cc\jetified-play-services-basement-17.0.0\proguard.txt
# The proguard configuration file for the following section is 3c8fd1bfddb99a7a7e21faa1397acdb4\core-1.1.0\proguard.txt
# aapt2 is not (yet) keeping FQCNs defined in the appComponentFactory <application> attribute
-keep class androidx.core.app.CoreComponentFactory

# End of content from 3c8fd1bfddb99a7a7e21faa1397acdb4\core-1.1.0\proguard.txt
# The proguard configuration file for the following section is e491a17ea3905cf4e8cc01da5acf5904\lifecycle-runtime-2.2.0\proguard.txt
=======

# End of content from e31537fb3ca3accaea0d4d9ddb9631cc\jetified-play-services-basement-17.0.0\proguard.txt
# The proguard configuration file for the following section is 3c8fd1bfddb99a7a7e21faa1397acdb4\core-1.1.0\proguard.txt
# aapt2 is not (yet) keeping FQCNs defined in the appComponentFactory <application> attribute
-keep class androidx.core.app.CoreComponentFactory

# End of content from 3c8fd1bfddb99a7a7e21faa1397acdb4\core-1.1.0\proguard.txt
# The proguard configuration file for the following section is e491a17ea3905cf4e8cc01da5acf5904\lifecycle-runtime-2.2.0\proguard.txt
>>>>>>> Development
-keepattributes *Annotation*

-keepclassmembers enum androidx.lifecycle.Lifecycle$Event {
    <fields>;
}

-keep !interface * implements androidx.lifecycle.LifecycleObserver {
}

-keep class * implements androidx.lifecycle.GeneratedAdapter {
    <init>(...);
}

-keepclassmembers class ** {
    @androidx.lifecycle.OnLifecycleEvent *;
}

# this rule is need to work properly when app is compiled with api 28, see b/142778206
<<<<<<< HEAD
-keepclassmembers class androidx.lifecycle.ReportFragment$LifecycleCallbacks { *; }
# End of content from e491a17ea3905cf4e8cc01da5acf5904\lifecycle-runtime-2.2.0\proguard.txt
# The proguard configuration file for the following section is dba0871f5234d26df488af8865310f6f\jetified-savedstate-1.0.0\proguard.txt
=======
-keepclassmembers class androidx.lifecycle.ReportFragment$LifecycleCallbacks { *; }
# End of content from e491a17ea3905cf4e8cc01da5acf5904\lifecycle-runtime-2.2.0\proguard.txt
# The proguard configuration file for the following section is dba0871f5234d26df488af8865310f6f\jetified-savedstate-1.0.0\proguard.txt
>>>>>>> Development
# Copyright (C) 2019 The Android Open Source Project
#
# Licensed under the Apache License, Version 2.0 (the "License");
# you may not use this file except in compliance with the License.
# You may obtain a copy of the License at
#
#      http://www.apache.org/licenses/LICENSE-2.0
#
# Unless required by applicable law or agreed to in writing, software
# distributed under the License is distributed on an "AS IS" BASIS,
# WITHOUT WARRANTIES OR CONDITIONS OF ANY KIND, either express or implied.
# See the License for the specific language governing permissions and
# limitations under the License.

-keepclassmembers,allowobfuscation class * implements androidx.savedstate.SavedStateRegistry$AutoRecreated {
    <init>();
}
<<<<<<< HEAD

# End of content from dba0871f5234d26df488af8865310f6f\jetified-savedstate-1.0.0\proguard.txt
# The proguard configuration file for the following section is e5f0c7957424a546e9da21a08a739815\jetified-firebase-components-17.0.0\proguard.txt
=======

# End of content from dba0871f5234d26df488af8865310f6f\jetified-savedstate-1.0.0\proguard.txt
# The proguard configuration file for the following section is e5f0c7957424a546e9da21a08a739815\jetified-firebase-components-17.0.0\proguard.txt
>>>>>>> Development
-dontwarn com.google.firebase.components.Component$Instantiation
-dontwarn com.google.firebase.components.Component$ComponentType

-keep class * implements com.google.firebase.components.ComponentRegistrar
<<<<<<< HEAD

# End of content from e5f0c7957424a546e9da21a08a739815\jetified-firebase-components-17.0.0\proguard.txt
# The proguard configuration file for the following section is 454fd5669506c3ed5fdcf7b2ff03abe6\versionedparcelable-1.1.0\proguard.txt
=======

# End of content from e5f0c7957424a546e9da21a08a739815\jetified-firebase-components-17.0.0\proguard.txt
# The proguard configuration file for the following section is 66555b0c31e152ac7c901ece85c3bb26\monitor-1.2.0\proguard.txt
# Proguard flags for the AndroidJUnitRunner library.

# avoid obfuscation of the instrumentation runners and orchestrator
-keepnames class androidx.test.**

# Annotation classes accessed via reflection
-keep class androidx.test.annotation.** { *; }

# for 'can't find referenced method 'android.app.Instrumentation$ActivityResult execStartActivity' etc
-dontwarn androidx.test.runner.MonitoringInstrumentation

# End of content from 66555b0c31e152ac7c901ece85c3bb26\monitor-1.2.0\proguard.txt
# The proguard configuration file for the following section is 454fd5669506c3ed5fdcf7b2ff03abe6\versionedparcelable-1.1.0\proguard.txt
>>>>>>> Development
-keep public class * implements androidx.versionedparcelable.VersionedParcelable
-keep public class android.support.**Parcelizer { *; }
-keep public class androidx.**Parcelizer { *; }
-keep public class androidx.versionedparcelable.ParcelImpl
<<<<<<< HEAD

# End of content from 454fd5669506c3ed5fdcf7b2ff03abe6\versionedparcelable-1.1.0\proguard.txt
# The proguard configuration file for the following section is 1d4efdb868696ea36efd004abeb8239d\lifecycle-viewmodel-2.1.0\proguard.txt
=======

# End of content from 454fd5669506c3ed5fdcf7b2ff03abe6\versionedparcelable-1.1.0\proguard.txt
# The proguard configuration file for the following section is 1d4efdb868696ea36efd004abeb8239d\lifecycle-viewmodel-2.1.0\proguard.txt
>>>>>>> Development
-keepclassmembers,allowobfuscation class * extends androidx.lifecycle.ViewModel {
    <init>();
}

-keepclassmembers,allowobfuscation class * extends androidx.lifecycle.AndroidViewModel {
    <init>(android.app.Application);
}