build/app/outputs/mapping/release/seeds.txt
com.example.plate_waste_recorder.MainActivity
com.example.plate_waste_recorder.MainActivity: MainActivity()
com.example.plate_waste_recorder.MainActivity
com.example.plate_waste_recorder.MainActivity: MainActivity()
...
io.flutter.plugin.editing.ImeSyncDeferringInsetsCallback: io.flutter.plugin.editing.ImeSyncDeferringInsetsCallback$InsetsListener insetsListener
androidx.lifecycle.ReportFragment$LifecycleCallbacks: void onActivityDestroyed(android.app.Activity)
io.flutter.plugins.firebase.core.FlutterFirebaseCoreRegistrar: java.util.List getComponents()
io.flutter.view.AccessibilityBridge$Flag: io.flutter.view.AccessibilityBridge$Flag valueOf(java.lang.String)
io.flutter.embedding.engine.systemchannels.SettingsChannel$PlatformBrightness: io.flutter.embedding.engine.systemchannels.SettingsChannel$PlatformBrightness valueOf(java.lang.String)
com.google.android.gms.common.api.GoogleApiActivity
androidx.lifecycle.Lifecycle$Event: androidx.lifecycle.Lifecycle$Event ON_RESUME
io.flutter.embedding.engine.FlutterJNI: void nativeSurfaceWindowChanged(long,android.view.Surface)
io.flutter.view.AccessibilityViewEmbedder: java.util.Map originToFlutterId
androidx.activity.OnBackPressedDispatcher$LifecycleOnBackPressedCancellable
io.flutter.embedding.engine.FlutterJNI: void nativeDispatchSemanticsAction(long,int,int,java.nio.ByteBuffer,int)
io.flutter.view.AccessibilityViewEmbedder: AccessibilityViewEmbedder(android.view.View,int)
io.flutter.plugin.editing.ImeSyncDeferringInsetsCallback: boolean needsSave
com.google.firebase.database.Logger$Level: com.google.firebase.database.Logger$Level[] values()
com.google.firebase.FirebaseCommonRegistrar: FirebaseCommonRegistrar()
io.flutter.view.FlutterCallbackInformation: java.lang.String callbackLibraryPath
androidx.lifecycle.ReportFragment$LifecycleCallbacks: void onActivityResumed(android.app.Activity)
com.google.firebase.database.logging.Logger$Level: com.google.firebase.database.logging.Logger$Level valueOf(java.lang.String)
io.flutter.embedding.engine.FlutterJNI: void nativeOnVsync(long,long,long)
io.flutter.embedding.engine.FlutterJNI: void setLocalizationPlugin(io.flutter.plugin.localization.LocalizationPlugin)
io.flutter.embedding.engine.systemchannels.TextInputChannel$TextInputType: io.flutter.embedding.engine.systemchannels.TextInputChannel$TextInputType[] values()
androidx.core.app.RemoteActionCompat: RemoteActionCompat()
io.flutter.view.AccessibilityBridge$Action: io.flutter.view.AccessibilityBridge$Action[] values()
io.flutter.embedding.engine.FlutterJNI: void updateSemantics(java.nio.ByteBuffer,java.lang.String[],java.nio.ByteBuffer[])
org.xmlpull.v1.XmlPullParser: <clinit>()
io.flutter.view.FlutterCallbackInformation: FlutterCallbackInformation(java.lang.String,java.lang.String,java.lang.String)
androidx.fragment.app.FragmentManagerState: android.os.Parcelable$Creator CREATOR
com.google.firebase.database.core.view.QueryParams$ViewFrom: com.google.firebase.database.core.view.QueryParams$ViewFrom[] values()
com.google.android.gms.common.api.Scope: android.os.Parcelable$Creator CREATOR
com.google.android.gms.common.internal.ReflectedParcelable
io.flutter.embedding.engine.plugins.lifecycle.HiddenLifecycleReference: androidx.lifecycle.Lifecycle getLifecycle()
io.flutter.embedding.engine.renderer.SurfaceTextureWrapper: void getTransformMatrix(float[])
com.google.firebase.database.collection.LLRBNode$Color: com.google.firebase.database.collection.LLRBNode$Color valueOf(java.lang.String)
io.flutter.plugin.editing.ImeSyncDeferringInsetsCallback$AnimationCallback: void onEnd(android.view.WindowInsetsAnimation)
org.xmlpull.v1.XmlPullParser: int getLineNumber()
org.xmlpull.v1.XmlPullParser: java.lang.String FEATURE_PROCESS_NAMESPACES
org.xmlpull.v1.XmlPullParser: int getNamespaceCount(int)
com.google.firebase.database.core.operation.Operation$OperationType: com.google.firebase.database.core.operation.Operation$OperationType valueOf(java.lang.String)
io.flutter.embedding.engine.systemchannels.PlatformChannel$ClipboardContentFormat: io.flutter.embedding.engine.systemchannels.PlatformChannel$ClipboardContentFormat valueOf(java.lang.String)