build/app/outputs/mapping/release/mapping.txt
# compiler: R8
# compiler_version: 2.1.62
# min_api: 16
...
com.google.android.gms.tasks.zzr -> b.a.a.a.f.s:
    java.util.Queue zzt -> b
    java.lang.Object mLock -> a
    boolean zzu -> c
    void zza(com.google.android.gms.tasks.Task) -> a
    void zza(com.google.android.gms.tasks.zzq) -> b
com.google.android.gms.tasks.zzt -> b.a.a.a.f.t:
com.google.android.gms.tasks.zzu -> b.a.a.a.f.u:
    java.lang.Exception zzab -> f
    com.google.android.gms.tasks.zzr zzx -> b
    java.lang.Object zzaa -> e
    java.lang.Object mLock -> a
    boolean zzy -> c
    boolean zzz -> d
    com.google.android.gms.tasks.Task addOnCanceledListener(java.util.concurrent.Executor,com.google.android.gms.tasks.OnCanceledListener) -> a
    com.google.android.gms.tasks.Task addOnCompleteListener(com.google.android.gms.tasks.OnCompleteListener) -> b
    com.google.android.gms.tasks.Task addOnCompleteListener(java.util.concurrent.Executor,com.google.android.gms.tasks.OnCompleteListener) -> c
    com.google.android.gms.tasks.Task addOnFailureListener(com.google.android.gms.tasks.OnFailureListener) -> d
    com.google.android.gms.tasks.Task addOnFailureListener(java.util.concurrent.Executor,com.google.android.gms.tasks.OnFailureListener) -> e
    com.google.android.gms.tasks.Task addOnSuccessListener(com.google.android.gms.tasks.OnSuccessListener) -> f
    com.google.android.gms.tasks.Task addOnSuccessListener(java.util.concurrent.Executor,com.google.android.gms.tasks.OnSuccessListener) -> g
    java.lang.Exception getException() -> h
    java.lang.Object getResult() -> i
    boolean isCanceled() -> j
    boolean isComplete() -> k
    boolean isSuccessful() -> l
    void setException(java.lang.Exception) -> m
    void setResult(java.lang.Object) -> n
    boolean trySetException(java.lang.Exception) -> o
com.google.android.gms.tasks.zzv -> b.a.a.a.f.v:
    com.google.android.gms.tasks.zzu zzad -> b
    java.util.concurrent.Callable val$callable -> c
<<<<<<< HEAD
com.google.firebase.-$$Lambda$FirebaseApp$9ws5O6gd5EXcjP128HrkgXg52EE -> com.google.firebase.a:
    android.content.Context f$1 -> b
    com.google.firebase.FirebaseApp f$0 -> a
    java.lang.Object get() -> a
=======
com.google.common.base.Preconditions -> b.a.b.a.a:
    java.lang.Object checkNotNull(java.lang.Object) -> a
com.google.common.base.Throwables -> b.a.b.a.b:
    java.lang.Object jla -> a
    java.lang.reflect.Method getGetMethod() -> a
    java.lang.Object getJLA() -> b
    java.lang.reflect.Method getJlaMethod(java.lang.String,java.lang.Class[]) -> c
    java.lang.reflect.Method getSizeMethod() -> d
    void throwIfUnchecked(java.lang.Throwable) -> e
com.google.common.util.concurrent.AbstractFuture -> b.a.b.b.a.a:
    com.google.common.util.concurrent.AbstractFuture$Listener listeners -> c
    com.google.common.util.concurrent.AbstractFuture$Waiter waiters -> d
    java.lang.Object NULL -> h
    boolean GENERATE_CANCELLATION_CAUSES -> e
    java.lang.Object value -> b
    com.google.common.util.concurrent.AbstractFuture$AtomicHelper ATOMIC_HELPER -> g
    java.util.logging.Logger log -> f
    java.lang.Throwable tryInternalFastPathGetFailure() -> a
    com.google.common.util.concurrent.AbstractFuture$AtomicHelper access$200() -> b
    boolean access$300() -> c
    java.lang.Object access$400(com.google.common.util.concurrent.AbstractFuture) -> d
    java.lang.Object access$402(com.google.common.util.concurrent.AbstractFuture,java.lang.Object) -> e
    java.lang.Object access$500(com.google.common.util.concurrent.ListenableFuture) -> f
    void access$600(com.google.common.util.concurrent.AbstractFuture) -> g
    com.google.common.util.concurrent.AbstractFuture$Waiter access$800(com.google.common.util.concurrent.AbstractFuture) -> h
    com.google.common.util.concurrent.AbstractFuture$Waiter access$802(com.google.common.util.concurrent.AbstractFuture,com.google.common.util.concurrent.AbstractFuture$Waiter) -> i
    com.google.common.util.concurrent.AbstractFuture$Listener access$900(com.google.common.util.concurrent.AbstractFuture) -> j