build/app/outputs/mapping/release/usage.txt
com.example.plate_waste_recorder.R
com.example.plate_waste_recorder.BuildConfig
com.example.plate_waste_recorder.R$attr
com.example.plate_waste_recorder.R$layout
com.example.plate_waste_recorder.R$styleable
com.example.plate_waste_recorder.R$integer
com.example.plate_waste_recorder.R$id
com.example.plate_waste_recorder.R$drawable
com.example.plate_waste_recorder.R$dimen
com.example.plate_waste_recorder.R$style
com.example.plate_waste_recorder.R$string
com.example.plate_waste_recorder.R$color
com.example.plate_waste_recorder.R$mipmap
com.example.plate_waste_recorder.R
com.example.plate_waste_recorder.R$integer
com.example.plate_waste_recorder.R$id
com.example.plate_waste_recorder.R$dimen
com.example.plate_waste_recorder.R$color
com.example.plate_waste_recorder.R$mipmap
com.example.plate_waste_recorder.BuildConfig
com.example.plate_waste_recorder.R$attr
com.example.plate_waste_recorder.R$layout
com.example.plate_waste_recorder.R$styleable
com.example.plate_waste_recorder.R$drawable
com.example.plate_waste_recorder.R$style
com.example.plate_waste_recorder.R$string
com.example.plate_waste_recorder.R$xml
...
org.junit.AssumptionViolatedException
junit.framework.TestResult$1
io.flutter.plugins.firebase.database.FirebaseDatabasePlugin$1
com.google.common.base.Splitter$4$1
com.google.common.graph.DirectedGraphConnections
kotlin.jvm.functions.Function8
kotlin.collections.MovingSubList
junit.framework.JUnit4TestAdapterCache$1
androidx.annotation.InterpolatorRes
androidx.test.espresso.internal.inject.InstrumentationContext
com.google.android.gms.common.api.internal.zabz
androidx.test.rule.UiThreadTestRule
androidx.test.espresso.core.internal.deps.guava.primitives.Booleans
com.google.common.graph.Traverser$GraphTraverser$1
com.google.common.collect.MutableClassToInstanceMap$SerializedForm
com.google.common.collect.MapMakerInternalMap$StrongKeyWeakValueEntry
kotlin.collections.DoubleIterator
androidx.test.espresso.InteractionResultsHandler
com.google.common.collect.MapMakerInternalMap$ValueIterator
com.google.android.gms.dynamite.zzh
com.google.common.collect.RegularImmutableMultiset$1
com.google.common.graph.PredecessorsFunction
com.google.common.reflect.TypeToken$SimpleTypeToken
com.google.common.reflect.TypeToken$TypeFilter$1
androidx.test.internal.platform.os.ControlledLooper$1
com.google.common.collect.Sets$SubSet
com.google.common.hash.HashFunction
org.junit.runner.manipulation.Sorter
kotlin.jvm.internal.FloatSpreadBuilder
kotlin.coroutines.experimental.CoroutineContext$Key
androidx.loader.content.Loader$ForceLoadContentObserver
android.support.v4.os.IResultReceiver$Stub$Proxy
kotlin.jvm.internal.PackageReference
androidx.test.espresso.core.internal.deps.dagger.internal.Preconditions
androidx.test.espresso.base.ViewFinderImpl_Factory
kotlin.TypeAliasesKt
androidx.test.internal.runner.RunnerArgs$Builder
com.google.android.gms.common.internal.ClientSettings$OptionalApiSettings:
    public void <init>(java.util.Set)
kotlin.coroutines.experimental.intrinsics.IntrinsicsKt
com.google.common.collect.StandardTable$ColumnMap$ColumnMapEntrySet$1
kotlin.reflect.KMutableProperty0$Setter
com.google.common.util.concurrent.UncaughtExceptionHandlers$Exiter
com.google.common.collect.StandardTable
com.google.common.collect.Maps$5
com.google.firebase.database.core.TokenProvider$TokenChangeListener:
    public abstract void onTokenChange()
io.flutter.plugins.firebase.core.R$drawable
com.google.android.gms.internal.base.zac
com.google.android.gms.common.api.internal.zaaw
com.google.common.primitives.Shorts
androidx.test.espresso.action.CoordinatesProvider
androidx.core.graphics.PathParser$PathDataNode
com.google.common.collect.ImmutableEnumSet$1
com.google.common.cache.LocalCache$ValueIterator
com.google.firebase.heartbeatinfo.HeartBeatResult
com.google.common.collect.Cut$AboveValue
com.google.common.graph.ConfigurableValueGraph
com.google.common.graph.DirectedNetworkConnections
com.google.common.collect.SortedLists$KeyPresentBehavior$2
org.junit.runner.Describable
com.google.common.base.CaseFormat$3
com.google.common.collect.Multimaps$TransformedEntriesListMultimap
kotlin.ranges.CharRange$Companion
androidx.test.espresso.util.TreeIterables$ViewTreeViewer
androidx.annotation.VisibleForTesting
com.google.android.gms.common.server.response.zai
com.google.common.io.CharSource$EmptyCharSource
kotlin.Unit
io.flutter.plugins.flutter_plugin_android_lifecycle.R$layout
com.google.common.util.concurrent.SimpleTimeLimiter
com.google.common.collect.FilteredEntryMultimap$AsMap
androidx.test.espresso.remote.IInteractionExecutionStatus$Stub
com.google.common.io.ByteStreams$ByteArrayDataOutputStream
androidx.core.view.inputmethod.InputContentInfoCompat
org.junit.internal.runners.statements.FailOnTimeout$Builder
com.google.common.graph.Traverser$TreeTraverser$DepthFirstPostOrderIterator
com.google.common.util.concurrent.ListeningExecutorService
kotlin.contracts.ConditionalEffect
com.google.android.gms.common.R$integer
com.google.common.collect.UsingToStringOrdering
androidx.activity.R